mode: set
UlboraCmsV3/services/cacheService.go:31.50,36.2 4 1
UlboraCmsV3/services/cacheService.go:39.61,52.48 10 1
UlboraCmsV3/services/cacheService.go:75.2,75.16 1 1
UlboraCmsV3/services/cacheService.go:78.2,79.16 2 1
UlboraCmsV3/services/cacheService.go:82.2,82.13 1 1
UlboraCmsV3/services/cacheService.go:52.48,54.28 2 1
UlboraCmsV3/services/cacheService.go:71.3,72.22 2 1
UlboraCmsV3/services/cacheService.go:54.28,56.28 2 1
UlboraCmsV3/services/cacheService.go:66.4,67.19 2 1
UlboraCmsV3/services/cacheService.go:56.28,62.20 6 1
UlboraCmsV3/services/cacheService.go:62.20,64.6 1 1
UlboraCmsV3/services/cacheService.go:67.19,69.5 1 1
UlboraCmsV3/services/cacheService.go:75.16,77.3 1 1
UlboraCmsV3/services/cacheService.go:79.16,81.3 1 1
UlboraCmsV3/services/cacheService.go:86.71,97.48 6 1
UlboraCmsV3/services/cacheService.go:110.2,113.27 4 1
UlboraCmsV3/services/cacheService.go:116.2,116.19 1 1
UlboraCmsV3/services/cacheService.go:97.48,99.28 2 1
UlboraCmsV3/services/cacheService.go:99.28,105.4 4 1
UlboraCmsV3/services/cacheService.go:113.27,115.3 1 1
UlboraCmsV3/services/cacheService.go:120.57,127.26 7 1
UlboraCmsV3/services/cacheService.go:130.2,130.12 1 1
UlboraCmsV3/services/cacheService.go:127.26,129.3 1 1
UlboraCmsV3/services/challengeService.go:33.78,37.16 4 1
UlboraCmsV3/services/challengeService.go:64.2,64.12 1 1
UlboraCmsV3/services/challengeService.go:37.16,39.3 1 0
UlboraCmsV3/services/challengeService.go:39.3,41.18 2 1
UlboraCmsV3/services/challengeService.go:41.18,44.4 2 0
UlboraCmsV3/services/challengeService.go:44.4,50.19 6 1
UlboraCmsV3/services/challengeService.go:50.19,53.5 2 0
UlboraCmsV3/services/challengeService.go:53.5,57.21 4 1
UlboraCmsV3/services/challengeService.go:60.5,60.31 1 1
UlboraCmsV3/services/challengeService.go:57.21,59.6 1 0
UlboraCmsV3/services/challengeService.go:68.64,73.17 4 1
UlboraCmsV3/services/challengeService.go:95.2,95.12 1 1
UlboraCmsV3/services/challengeService.go:73.17,76.3 2 0
UlboraCmsV3/services/challengeService.go:76.3,83.18 5 1
UlboraCmsV3/services/challengeService.go:83.18,86.4 2 0
UlboraCmsV3/services/challengeService.go:86.4,90.20 4 1
UlboraCmsV3/services/challengeService.go:90.20,92.5 1 0
UlboraCmsV3/services/imageService.go:57.69,69.16 10 1
UlboraCmsV3/services/imageService.go:100.2,100.12 1 1
UlboraCmsV3/services/imageService.go:69.16,71.3 1 0
UlboraCmsV3/services/imageService.go:71.3,73.18 2 1
UlboraCmsV3/services/imageService.go:73.18,76.4 2 0
UlboraCmsV3/services/imageService.go:76.4,86.19 8 1
UlboraCmsV3/services/imageService.go:86.19,89.5 2 1
UlboraCmsV3/services/imageService.go:89.5,93.21 4 0
UlboraCmsV3/services/imageService.go:96.5,96.31 1 0
UlboraCmsV3/services/imageService.go:93.21,95.6 1 0
UlboraCmsV3/services/imageService.go:104.43,109.17 4 1
UlboraCmsV3/services/imageService.go:135.2,135.13 1 1
UlboraCmsV3/services/imageService.go:109.17,112.3 2 0
UlboraCmsV3/services/imageService.go:112.3,121.18 7 1
UlboraCmsV3/services/imageService.go:121.18,124.4 2 1
UlboraCmsV3/services/imageService.go:124.4,130.20 4 0
UlboraCmsV3/services/imageService.go:130.20,132.5 1 0
UlboraCmsV3/services/imageService.go:139.62,144.17 4 1
UlboraCmsV3/services/imageService.go:170.2,170.12 1 1
UlboraCmsV3/services/imageService.go:144.17,147.3 2 0
UlboraCmsV3/services/imageService.go:147.3,157.18 8 1
UlboraCmsV3/services/imageService.go:157.18,160.4 2 1
UlboraCmsV3/services/imageService.go:160.4,164.20 4 0
UlboraCmsV3/services/imageService.go:167.4,167.30 1 0
UlboraCmsV3/services/imageService.go:164.20,166.5 1 0
UlboraCmsV3/services/imageService.go:173.33,178.2 4 1
UlboraCmsV3/services/imageService.go:180.37,184.2 3 1
UlboraCmsV3/services/mailService.go:59.81,63.16 4 1
UlboraCmsV3/services/mailService.go:94.2,94.12 1 1
UlboraCmsV3/services/mailService.go:63.16,65.3 1 0
UlboraCmsV3/services/mailService.go:65.3,67.18 2 1
UlboraCmsV3/services/mailService.go:67.18,70.4 2 0
UlboraCmsV3/services/mailService.go:70.4,80.19 10 1
UlboraCmsV3/services/mailService.go:80.19,83.5 2 1
UlboraCmsV3/services/mailService.go:83.5,87.21 4 0
UlboraCmsV3/services/mailService.go:90.5,90.31 1 0
UlboraCmsV3/services/mailService.go:87.21,89.6 1 0
UlboraCmsV3/services/mailService.go:98.84,103.16 4 1
UlboraCmsV3/services/mailService.go:134.2,134.12 1 1
UlboraCmsV3/services/mailService.go:103.16,105.3 1 0
UlboraCmsV3/services/mailService.go:105.3,107.18 2 1
UlboraCmsV3/services/mailService.go:107.18,110.4 2 0
UlboraCmsV3/services/mailService.go:110.4,120.19 10 1
UlboraCmsV3/services/mailService.go:120.19,123.5 2 1
UlboraCmsV3/services/mailService.go:123.5,127.21 4 0
UlboraCmsV3/services/mailService.go:130.5,130.31 1 0
UlboraCmsV3/services/mailService.go:127.21,129.6 1 0
UlboraCmsV3/services/mailService.go:138.65,143.17 4 1
UlboraCmsV3/services/mailService.go:168.2,168.12 1 1
UlboraCmsV3/services/mailService.go:143.17,146.3 2 0
UlboraCmsV3/services/mailService.go:146.3,155.18 7 1
UlboraCmsV3/services/mailService.go:155.18,158.4 2 1
UlboraCmsV3/services/mailService.go:158.4,162.20 4 0
UlboraCmsV3/services/mailService.go:165.4,165.30 1 0
UlboraCmsV3/services/mailService.go:162.20,164.5 1 0
UlboraCmsV3/services/mailService.go:172.78,176.16 4 0
UlboraCmsV3/services/mailService.go:207.2,207.12 1 0
UlboraCmsV3/services/mailService.go:176.16,178.3 1 0
UlboraCmsV3/services/mailService.go:178.3,180.18 2 0
UlboraCmsV3/services/mailService.go:180.18,183.4 2 0
UlboraCmsV3/services/mailService.go:183.4,193.19 10 0
UlboraCmsV3/services/mailService.go:193.19,196.5 2 0
UlboraCmsV3/services/mailService.go:196.5,200.21 4 0
UlboraCmsV3/services/mailService.go:203.5,203.31 1 0
UlboraCmsV3/services/mailService.go:200.21,202.6 1 0
UlboraCmsV3/services/contentService.go:60.65,66.16 5 1
UlboraCmsV3/services/contentService.go:99.2,99.12 1 1
UlboraCmsV3/services/contentService.go:66.16,68.3 1 0
UlboraCmsV3/services/contentService.go:68.3,70.18 2 1
UlboraCmsV3/services/contentService.go:70.18,73.4 2 0
UlboraCmsV3/services/contentService.go:73.4,85.19 10 1
UlboraCmsV3/services/contentService.go:85.19,88.5 2 0
UlboraCmsV3/services/contentService.go:88.5,92.21 4 1
UlboraCmsV3/services/contentService.go:95.5,95.31 1 1
UlboraCmsV3/services/contentService.go:92.21,94.6 1 1
UlboraCmsV3/services/contentService.go:103.68,110.16 5 1
UlboraCmsV3/services/contentService.go:146.2,146.12 1 1
UlboraCmsV3/services/contentService.go:110.16,113.3 2 0
UlboraCmsV3/services/contentService.go:113.3,116.18 2 1
UlboraCmsV3/services/contentService.go:116.18,119.4 2 0
UlboraCmsV3/services/contentService.go:119.4,130.19 10 1
UlboraCmsV3/services/contentService.go:130.19,133.5 2 0
UlboraCmsV3/services/contentService.go:133.5,137.21 4 1
UlboraCmsV3/services/contentService.go:141.5,141.31 1 1
UlboraCmsV3/services/contentService.go:137.21,140.6 2 1
UlboraCmsV3/services/contentService.go:150.72,156.16 5 1
UlboraCmsV3/services/contentService.go:187.2,187.12 1 1
UlboraCmsV3/services/contentService.go:156.16,158.3 1 0
UlboraCmsV3/services/contentService.go:158.3,160.18 2 1
UlboraCmsV3/services/contentService.go:160.18,163.4 2 0
UlboraCmsV3/services/contentService.go:163.4,173.19 10 1
UlboraCmsV3/services/contentService.go:173.19,176.5 2 0
UlboraCmsV3/services/contentService.go:176.5,180.21 4 1
UlboraCmsV3/services/contentService.go:183.5,183.31 1 1
UlboraCmsV3/services/contentService.go:180.21,182.6 1 1
UlboraCmsV3/services/contentService.go:191.74,197.17 4 1
UlboraCmsV3/services/contentService.go:224.2,224.12 1 1
UlboraCmsV3/services/contentService.go:197.17,200.3 2 0
UlboraCmsV3/services/contentService.go:200.3,206.18 6 1
UlboraCmsV3/services/contentService.go:206.18,209.4 2 0
UlboraCmsV3/services/contentService.go:209.4,213.20 4 1
UlboraCmsV3/services/contentService.go:216.4,217.18 2 1
UlboraCmsV3/services/contentService.go:213.20,215.5 1 0
UlboraCmsV3/services/contentService.go:217.18,219.5 1 0
UlboraCmsV3/services/contentService.go:219.5,221.5 1 1
UlboraCmsV3/services/contentService.go:228.69,233.17 4 1
UlboraCmsV3/services/contentService.go:268.2,268.13 1 1
UlboraCmsV3/services/contentService.go:233.17,236.3 2 0
UlboraCmsV3/services/contentService.go:236.3,242.18 6 1
UlboraCmsV3/services/contentService.go:242.18,245.4 2 0
UlboraCmsV3/services/contentService.go:245.4,250.20 4 1
UlboraCmsV3/services/contentService.go:253.4,253.23 1 1
UlboraCmsV3/services/contentService.go:250.20,252.5 1 0
UlboraCmsV3/services/contentService.go:253.23,255.19 2 1
UlboraCmsV3/services/contentService.go:262.5,262.40 1 1
UlboraCmsV3/services/contentService.go:255.19,257.6 1 0
UlboraCmsV3/services/contentService.go:257.6,260.6 1 1
UlboraCmsV3/services/contentService.go:262.40,264.6 1 1
UlboraCmsV3/services/contentService.go:272.107,280.17 5 1
UlboraCmsV3/services/contentService.go:322.2,322.21 1 1
UlboraCmsV3/services/contentService.go:280.17,283.3 2 0
UlboraCmsV3/services/contentService.go:283.3,289.18 6 1
UlboraCmsV3/services/contentService.go:289.18,292.4 2 0
UlboraCmsV3/services/contentService.go:292.4,297.20 4 1
UlboraCmsV3/services/contentService.go:300.4,300.23 1 1
UlboraCmsV3/services/contentService.go:297.20,299.5 1 0
UlboraCmsV3/services/contentService.go:300.23,302.19 2 0
UlboraCmsV3/services/contentService.go:316.5,316.40 1 0
UlboraCmsV3/services/contentService.go:302.19,304.6 1 0
UlboraCmsV3/services/contentService.go:304.6,308.16 3 0
UlboraCmsV3/services/contentService.go:308.16,313.7 4 0
UlboraCmsV3/services/contentService.go:316.40,318.6 1 0
UlboraCmsV3/services/contentService.go:326.61,331.17 4 1
UlboraCmsV3/services/contentService.go:357.2,357.12 1 1
UlboraCmsV3/services/contentService.go:331.17,334.3 2 0
UlboraCmsV3/services/contentService.go:334.3,344.18 10 1
UlboraCmsV3/services/contentService.go:344.18,347.4 2 0
UlboraCmsV3/services/contentService.go:347.4,351.20 4 1
UlboraCmsV3/services/contentService.go:354.4,354.30 1 1
UlboraCmsV3/services/contentService.go:351.20,353.5 1 1
UlboraCmsV3/services/pageService.go:20.75,36.49 12 1
UlboraCmsV3/services/pageService.go:81.2,81.19 1 1
UlboraCmsV3/services/pageService.go:36.49,40.20 3 0
UlboraCmsV3/services/pageService.go:40.20,43.30 1 0
UlboraCmsV3/services/pageService.go:43.30,44.26 1 0
UlboraCmsV3/services/pageService.go:44.26,54.30 4 0
UlboraCmsV3/services/pageService.go:54.30,56.7 1 0
UlboraCmsV3/services/pageService.go:63.3,71.28 6 1
UlboraCmsV3/services/pageService.go:75.3,78.19 4 1
UlboraCmsV3/services/pageService.go:71.28,74.4 2 0
UlboraCmsV3/services/pageService.go:85.62,91.20 6 1
UlboraCmsV3/services/pageService.go:120.2,121.12 2 1
UlboraCmsV3/services/pageService.go:91.20,100.37 7 0
UlboraCmsV3/services/pageService.go:100.37,102.28 1 0
UlboraCmsV3/services/pageService.go:108.4,108.26 1 0
UlboraCmsV3/services/pageService.go:102.28,103.27 1 0
UlboraCmsV3/services/pageService.go:103.27,105.11 2 0
UlboraCmsV3/services/pageService.go:108.26,114.29 2 0
UlboraCmsV3/services/pageService.go:114.29,116.6 1 0
UlboraCmsV3/services/pageService.go:125.63,131.2 5 1
UlboraCmsV3/services/templateFileService.go:22.50,25.12 3 1
UlboraCmsV3/services/templateFileService.go:79.2,79.12 1 1
UlboraCmsV3/services/templateFileService.go:25.12,28.17 3 1
UlboraCmsV3/services/templateFileService.go:28.17,30.4 1 0
UlboraCmsV3/services/templateFileService.go:30.4,32.18 2 1
UlboraCmsV3/services/templateFileService.go:32.18,35.5 2 0
UlboraCmsV3/services/templateFileService.go:35.5,38.19 3 1
UlboraCmsV3/services/templateFileService.go:41.5,44.19 4 1
UlboraCmsV3/services/templateFileService.go:65.5,70.20 4 1
UlboraCmsV3/services/templateFileService.go:38.19,40.6 1 0
UlboraCmsV3/services/templateFileService.go:44.19,46.6 1 0
UlboraCmsV3/services/templateFileService.go:46.6,48.10 2 1
UlboraCmsV3/services/templateFileService.go:48.10,50.24 2 1
UlboraCmsV3/services/templateFileService.go:56.7,58.22 3 1
UlboraCmsV3/services/templateFileService.go:50.24,51.13 1 1
UlboraCmsV3/services/templateFileService.go:52.8,52.28 1 1
UlboraCmsV3/services/templateFileService.go:52.28,54.13 2 0
UlboraCmsV3/services/templateFileService.go:58.22,61.13 3 0
UlboraCmsV3/services/templateFileService.go:70.20,73.6 2 0
UlboraCmsV3/services/templateFileService.go:73.6,75.6 1 1
UlboraCmsV3/services/templateFileService.go:81.73,86.20 3 1
UlboraCmsV3/services/templateFileService.go:112.2,112.12 1 1
UlboraCmsV3/services/templateFileService.go:87.19,89.17 2 1
UlboraCmsV3/services/templateFileService.go:93.19,95.17 2 1
UlboraCmsV3/services/templateFileService.go:99.3,100.17 2 1
UlboraCmsV3/services/templateFileService.go:104.3,106.17 3 1
UlboraCmsV3/services/templateFileService.go:110.3,110.17 1 1
UlboraCmsV3/services/templateFileService.go:89.17,92.4 2 0
UlboraCmsV3/services/templateFileService.go:95.17,97.4 1 0
UlboraCmsV3/services/templateFileService.go:100.17,103.4 2 0
UlboraCmsV3/services/templateFileService.go:106.17,109.4 2 0
UlboraCmsV3/services/templateFileService.go:116.53,122.16 4 1
UlboraCmsV3/services/templateFileService.go:128.2,128.12 1 1
UlboraCmsV3/services/templateFileService.go:122.16,125.3 2 0
UlboraCmsV3/services/templateFileService.go:125.3,127.3 1 1
UlboraCmsV3/services/templateService.go:38.73,43.16 5 1
UlboraCmsV3/services/templateService.go:74.2,74.12 1 1
UlboraCmsV3/services/templateService.go:43.16,45.3 1 0
UlboraCmsV3/services/templateService.go:45.3,47.18 2 1
UlboraCmsV3/services/templateService.go:47.18,50.4 2 0
UlboraCmsV3/services/templateService.go:50.4,60.19 10 1
UlboraCmsV3/services/templateService.go:60.19,63.5 2 0
UlboraCmsV3/services/templateService.go:63.5,67.21 4 1
UlboraCmsV3/services/templateService.go:70.5,70.31 1 1
UlboraCmsV3/services/templateService.go:67.21,69.6 1 1
UlboraCmsV3/services/templateService.go:78.76,84.16 4 1
UlboraCmsV3/services/templateService.go:115.2,115.12 1 1
UlboraCmsV3/services/templateService.go:84.16,86.3 1 0
UlboraCmsV3/services/templateService.go:86.3,88.18 2 1
UlboraCmsV3/services/templateService.go:88.18,91.4 2 0
UlboraCmsV3/services/templateService.go:91.4,101.19 10 1
UlboraCmsV3/services/templateService.go:101.19,104.5 2 0
UlboraCmsV3/services/templateService.go:104.5,108.21 4 1
UlboraCmsV3/services/templateService.go:111.5,111.31 1 1
UlboraCmsV3/services/templateService.go:108.21,110.6 1 1
UlboraCmsV3/services/templateService.go:119.78,124.17 4 1
UlboraCmsV3/services/templateService.go:145.2,145.12 1 1
UlboraCmsV3/services/templateService.go:124.17,127.3 2 0
UlboraCmsV3/services/templateService.go:127.3,133.18 6 1
UlboraCmsV3/services/templateService.go:133.18,136.4 2 0
UlboraCmsV3/services/templateService.go:136.4,140.20 4 1
UlboraCmsV3/services/templateService.go:140.20,142.5 1 0
UlboraCmsV3/services/templateService.go:149.84,154.17 4 1
UlboraCmsV3/services/templateService.go:176.2,176.13 1 1
UlboraCmsV3/services/templateService.go:154.17,157.3 2 0
UlboraCmsV3/services/templateService.go:157.3,163.18 6 1
UlboraCmsV3/services/templateService.go:163.18,166.4 2 0
UlboraCmsV3/services/templateService.go:166.4,170.20 4 1
UlboraCmsV3/services/templateService.go:170.20,172.5 1 0
UlboraCmsV3/services/templateService.go:180.71,185.17 4 1
UlboraCmsV3/services/templateService.go:211.2,211.12 1 1
UlboraCmsV3/services/templateService.go:185.17,188.3 2 0
UlboraCmsV3/services/templateService.go:188.3,198.18 10 1
UlboraCmsV3/services/templateService.go:198.18,201.4 2 0
UlboraCmsV3/services/templateService.go:201.4,205.20 4 1
UlboraCmsV3/services/templateService.go:208.4,208.30 1 1
UlboraCmsV3/services/templateService.go:205.20,207.5 1 1
